生成启动时间为 2019/8/26 16:22:38。
     1>项目“E:\C-learning\game1\game1\game1.vcxproj”在节点 2 上(Build 个目标)。
     1>ClCompile:
         D:\Program Files (x86)\Microsoft Visual Studio 12.0\VC\bin\CL.exe /c /ZI /nologo /W3 /WX- /sdl /Od /Oy- /D _MBCS /Gm /EHsc /RTC1 /MDd /GS /fp:precise /Zc:wchar_t /Zc:forScope /Fo"Debug\\" /Fd"Debug\vc120.pdb" /Gd /TC /analyze- /errorReport:prompt game.c test.c
         test.c
     1>e:\c-learning\game1\game1\test.c(16): warning C4048: “char (*)[10]”和“char [7][7]”数组的下标不同
     1>e:\c-learning\game1\game1\test.c(17): warning C4048: “char (*)[10]”和“char [7][7]”数组的下标不同
     1>e:\c-learning\game1\game1\test.c(20): warning C4048: “char (*)[10]”和“char [7][7]”数组的下标不同
     1>e:\c-learning\game1\game1\test.c(21): warning C4048: “char (*)[10]”和“char [7][7]”数组的下标不同
     1>e:\c-learning\game1\game1\test.c(22): warning C4048: “char (*)[10]”和“char [7][7]”数组的下标不同
     1>e:\c-learning\game1\game1\test.c(39): warning C4048: “char (*)[10]”和“char [7][7]”数组的下标不同
     1>e:\c-learning\game1\game1\test.c(40): warning C4048: “char (*)[10]”和“char [7][7]”数组的下标不同
     1>e:\c-learning\game1\game1\test.c(41): warning C4048: “char (*)[10]”和“char [7][7]”数组的下标不同
         game.c
         正在生成代码...
     1>e:\c-learning\game1\game1\game.c(117): warning C4715: “IsWiner”: 不是所有的控件路径都返回值
       Link:
         D:\Program Files (x86)\Microsoft Visual Studio 12.0\VC\bin\link.exe /ERRORREPORT:PROMPT /OUT:"E:\C-learning\game1\Debug\game1.exe" /INCREMENTAL /NOLOGO kernel32.lib user32.lib gdi32.lib winspool.lib comdlg32.lib advapi32.lib shell32.lib ole32.lib oleaut32.lib uuid.lib odbc32.lib odbccp32.lib /MANIFEST /MANIFESTUAC:"level='asInvoker' uiAccess='false'" /manifest:embed /DEBUG /PDB:"E:\C-learning\game1\Debug\game1.pdb" /SUBSYSTEM:CONSOLE /TLBID:1 /DYNAMICBASE /NXCOMPAT /IMPLIB:"E:\C-learning\game1\Debug\game1.lib" /MACHINE:X86 Debug\game.obj
         Debug\test.obj
         game1.vcxproj -> E:\C-learning\game1\Debug\game1.exe
     1>已完成生成项目“E:\C-learning\game1\game1\game1.vcxproj”(Build 个目标)的操作。

生成成功。

已用时间 00:00:01.17
